<?xml version="1.0" encoding="UTF-8"?>
<testng-results total="4" passed="4" failed="0" skipped="0">
  <reporter-output>
  </reporter-output>
  <suite started-at="2019-05-12T05:57:00Z" name="com.TestPackage.TestNgMavenExampleTest" finished-at="2019-05-12T05:57:05Z" duration-ms="5302">
    <groups>
    </groups>
    <test started-at="2019-05-12T05:57:00Z" name="Command line test" finished-at="2019-05-12T05:57:05Z" duration-ms="5302">
      <class name="com.TestPackage.TestNgMavenExampleTest">
        <test-method signature="validateResponseCode()[pri:0, instance:com.TestPackage.TestNgMavenExampleTest@4ddced80]" started-at="2019-05-12T11:27:00Z" name="validateResponseCode" finished-at="2019-05-12T11:27:05Z" duration-ms="5196" status="PASS">
          <reporter-output>
          </reporter-output>
        </test-method> <!-- validateResponseCode -->
        <test-method signature="validateName()[pri:0, instance:com.TestPackage.TestNgMavenExampleTest@4ddced80]" started-at="2019-05-12T11:27:05Z" name="validateName" finished-at="2019-05-12T11:27:05Z" duration-ms="71" status="PASS">
          <reporter-output>
          </reporter-output>
        </test-method> <!-- validateName -->
        <test-method signature="validateCanRelist()[pri:0, instance:com.TestPackage.TestNgMavenExampleTest@4ddced80]" started-at="2019-05-12T11:27:05Z" name="validateCanRelist" finished-at="2019-05-12T11:27:05Z" duration-ms="5" status="PASS">
          <reporter-output>
          </reporter-output>
        </test-method> <!-- validateCanRelist -->
        <test-method signature="validateDescription()[pri:0, instance:com.TestPackage.TestNgMavenExampleTest@4ddced80]" started-at="2019-05-12T11:27:05Z" name="validateDescription" finished-at="2019-05-12T11:27:05Z" duration-ms="4" status="PASS">
          <reporter-output>
          </reporter-output>
        </test-method> <!-- validateDescription -->
      </class> <!-- com.TestPackage.TestNgMavenExampleTest -->
    </test> <!-- Command line test -->
  </suite> <!-- com.TestPackage.TestNgMavenExampleTest -->
</testng-results>
