<?xml version="1.0" encoding="UTF-8"?>
<!-- Generated by org.testng.reporters.JUnitXMLReporter -->
<testsuite hostname="DESKTOP-PQP65UQ" failures="0" tests="4" name="Command line test" time="5.302" errors="0" timestamp="12 May 2019 05:57:05 GMT">
  <testcase classname="com.TestPackage.TestNgMavenExampleTest" name="validateResponseCode" time="5.196"/>
  <testcase classname="com.TestPackage.TestNgMavenExampleTest" name="validateName" time="0.071"/>
  <testcase classname="com.TestPackage.TestNgMavenExampleTest" name="validateCanRelist" time="0.005"/>
  <testcase classname="com.TestPackage.TestNgMavenExampleTest" name="validateDescription" time="0.004"/>
</testsuite> <!-- Command line test -->
